<?xml version="1.0" encoding="utf-8"?><testsuite errors="0" failures="0" name="pytest" skips="0" tests="13" time="2.004"><testcase classname="tests.app.test_asset_fingerprinter.TestAssetFingerprint" file="tests/app/test_asset_fingerprinter.py" line="25" name="test_building_file_path" time="0.004518985748291016"></testcase><testcase classname="tests.app.test_asset_fingerprinter.TestAssetFingerprint" file="tests/app/test_asset_fingerprinter.py" line="6" name="test_url_format" time="0.0044209957122802734"></testcase><testcase classname="tests.app.test_asset_fingerprinter.TestAssetFingerprint" file="tests/app/test_asset_fingerprinter.py" line="36" name="test_hashes_are_consistent" time="0.004485130310058594"></testcase><testcase classname="tests.app.test_asset_fingerprinter.TestAssetFingerprint" file="tests/app/test_asset_fingerprinter.py" line="49" name="test_hashes_are_different_for_different_files" time="0.005316972732543945"></testcase><testcase classname="tests.app.test_asset_fingerprinter.TestAssetFingerprintWithUnicode" file="tests/app/test_asset_fingerprinter.py" line="93" name="test_can_read_self" time="0.0020220279693603516"></testcase><testcase classname="tests.app.test_asset_fingerprinter.TestAssetFingerprint" file="tests/app/test_asset_fingerprinter.py" line="68" name="test_hash_gets_cached" time="0.001988649368286133"></testcase><testcase classname="tests.app.test_errorhandlers" file="tests/app/test_errorhandlers.py" line="5" name="test_bad_url_returns_page_not_found" time="0.15005230903625488"><system-out>{&quot;name&quot;: &quot;app&quot;, &quot;levelname&quot;: &quot;INFO&quot;, &quot;message&quot;: &quot;Logging configured&quot;, &quot;pathname&quot;: &quot;/Users/richardchapman/.virtualenvs/document-download-frontend/lib/python3.6/site-packages/notifications_utils/logging.py&quot;, &quot;lineno&quot;: 95, &quot;time&quot;: &quot;2018-05-24T16:39:30&quot;, &quot;requestId&quot;: &quot;no-request-id&quot;, &quot;application&quot;: &quot;none&quot;, &quot;logType&quot;: &quot;application&quot;}
</system-out></testcase><testcase classname="tests.app.test_utils" file="tests/app/test_utils.py" line="3" name="test_get_cdn_domain_on_localhost" time="0.0760645866394043"><system-out>{&quot;name&quot;: &quot;app&quot;, &quot;levelname&quot;: &quot;INFO&quot;, &quot;message&quot;: &quot;Logging configured&quot;, &quot;pathname&quot;: &quot;/Users/richardchapman/.virtualenvs/document-download-frontend/lib/python3.6/site-packages/notifications_utils/logging.py&quot;, &quot;lineno&quot;: 95, &quot;time&quot;: &quot;2018-05-24T16:39:30&quot;, &quot;requestId&quot;: &quot;no-request-id&quot;, &quot;application&quot;: &quot;none&quot;, &quot;logType&quot;: &quot;application&quot;}
</system-out></testcase><testcase classname="tests.app.test_errorhandlers" file="tests/app/test_errorhandlers.py" line="12" name="test_csrf_returns_400" time="0.14357542991638184"><system-out>{&quot;name&quot;: &quot;app&quot;, &quot;levelname&quot;: &quot;INFO&quot;, &quot;message&quot;: &quot;Logging configured&quot;, &quot;pathname&quot;: &quot;/Users/richardchapman/.virtualenvs/document-download-frontend/lib/python3.6/site-packages/notifications_utils/logging.py&quot;, &quot;lineno&quot;: 95, &quot;time&quot;: &quot;2018-05-24T16:39:30&quot;, &quot;requestId&quot;: &quot;no-request-id&quot;, &quot;application&quot;: &quot;none&quot;, &quot;logType&quot;: &quot;application&quot;}
{&quot;name&quot;: &quot;app&quot;, &quot;levelname&quot;: &quot;WARNING&quot;, &quot;message&quot;: &quot;csrf.error_message: 400 Bad Request: 400 Bad Request: The CSRF tokens do not match.&quot;, &quot;pathname&quot;: &quot;/Users/richardchapman/code/document-download-frontend/app/__init__.py&quot;, &quot;lineno&quot;: 94, &quot;time&quot;: &quot;2018-05-24T16:39:30&quot;, &quot;requestId&quot;: &quot;1b00ac1a-4f82-4e2f-bcef-60e737bcd039&quot;, &quot;application&quot;: &quot;none&quot;, &quot;logType&quot;: &quot;application&quot;}
</system-out></testcase><testcase classname="tests.app.main.views.test_index" file="tests/app/main/views/test_index.py" line="5" name="test_download_document_404s_if_no_key_in_query_string" time="0.037352561950683594"><system-out>{&quot;name&quot;: &quot;app&quot;, &quot;levelname&quot;: &quot;INFO&quot;, &quot;message&quot;: &quot;Logging configured&quot;, &quot;pathname&quot;: &quot;/Users/richardchapman/.virtualenvs/document-download-frontend/lib/python3.6/site-packages/notifications_utils/logging.py&quot;, &quot;lineno&quot;: 95, &quot;time&quot;: &quot;2018-05-24T16:39:30&quot;, &quot;requestId&quot;: &quot;no-request-id&quot;, &quot;application&quot;: &quot;none&quot;, &quot;logType&quot;: &quot;application&quot;}
</system-out></testcase><testcase classname="tests.app.main.views.test_index" file="tests/app/main/views/test_index.py" line="16" name="test_download_document_create_creates_link_for_document" time="0.04973864555358887"><system-out>{&quot;name&quot;: &quot;app&quot;, &quot;levelname&quot;: &quot;INFO&quot;, &quot;message&quot;: &quot;Logging configured&quot;, &quot;pathname&quot;: &quot;/Users/richardchapman/.virtualenvs/document-download-frontend/lib/python3.6/site-packages/notifications_utils/logging.py&quot;, &quot;lineno&quot;: 95, &quot;time&quot;: &quot;2018-05-24T16:39:30&quot;, &quot;requestId&quot;: &quot;no-request-id&quot;, &quot;application&quot;: &quot;none&quot;, &quot;logType&quot;: &quot;application&quot;}
</system-out></testcase><testcase classname="tests.app.main.views.test_index" file="tests/app/main/views/test_index.py" line="37" name="test_static_pages[post_my_document]" time="0.06377315521240234"><system-out>{&quot;name&quot;: &quot;app&quot;, &quot;levelname&quot;: &quot;INFO&quot;, &quot;message&quot;: &quot;Logging configured&quot;, &quot;pathname&quot;: &quot;/Users/richardchapman/.virtualenvs/document-download-frontend/lib/python3.6/site-packages/notifications_utils/logging.py&quot;, &quot;lineno&quot;: 95, &quot;time&quot;: &quot;2018-05-24T16:39:30&quot;, &quot;requestId&quot;: &quot;no-request-id&quot;, &quot;application&quot;: &quot;none&quot;, &quot;logType&quot;: &quot;application&quot;}
</system-out></testcase><testcase classname="tests.app.test_utils" file="tests/app/test_utils.py" line="9" name="test_get_cdn_domain_on_non_localhost" time="0.04236292839050293"><system-out>{&quot;name&quot;: &quot;app&quot;, &quot;levelname&quot;: &quot;INFO&quot;, &quot;message&quot;: &quot;Logging configured&quot;, &quot;pathname&quot;: &quot;/Users/richardchapman/.virtualenvs/document-download-frontend/lib/python3.6/site-packages/notifications_utils/logging.py&quot;, &quot;lineno&quot;: 95, &quot;time&quot;: &quot;2018-05-24T16:39:31&quot;, &quot;requestId&quot;: &quot;no-request-id&quot;, &quot;application&quot;: &quot;none&quot;, &quot;logType&quot;: &quot;application&quot;}
</system-out></testcase></testsuite>